mode: set
github.com/mzattahri/cli/clitest/clitest.go:13.50,15.18 2 1
github.com/mzattahri/cli/clitest/clitest.go:15.18,17.3 1 1
github.com/mzattahri/cli/clitest/clitest.go:18.2,18.13 1 1
github.com/mzattahri/cli/clitest/clitest.go:28.30,30.2 1 1
github.com/mzattahri/cli/clitest/clitest.go:33.41,35.2 1 1
github.com/mzattahri/cli/clitest/clitest.go:38.30,40.2 1 0
github.com/mzattahri/cli/clitest/clitest.go:43.28,46.2 2 0
github.com/mzattahri/cli/call.go:72.96,74.14 2 1
github.com/mzattahri/cli/call.go:74.14,77.3 2 1
github.com/mzattahri/cli/call.go:78.2,78.30 1 1
github.com/mzattahri/cli/call.go:78.30,80.3 1 1
github.com/mzattahri/cli/call.go:81.2,81.32 1 1
github.com/mzattahri/cli/call.go:81.32,83.3 1 1
github.com/mzattahri/cli/call.go:84.2,86.13 3 1
github.com/mzattahri/cli/call.go:91.47,94.2 2 1
github.com/mzattahri/cli/call.go:96.66,98.2 1 1
github.com/mzattahri/cli/call.go:106.54,107.16 1 1
github.com/mzattahri/cli/call.go:107.16,108.38 1 1
github.com/mzattahri/cli/call.go:108.38,108.58 1 0
github.com/mzattahri/cli/call.go:110.2,110.41 1 1
github.com/mzattahri/cli/call.go:110.41,113.3 2 1
github.com/mzattahri/cli/call.go:120.56,121.16 1 1
github.com/mzattahri/cli/call.go:121.16,122.28 1 0
github.com/mzattahri/cli/call.go:124.2,130.3 1 1
github.com/mzattahri/cli/call.go:136.55,137.16 1 1
github.com/mzattahri/cli/call.go:137.16,138.28 1 1
github.com/mzattahri/cli/call.go:140.2,140.36 1 1
github.com/mzattahri/cli/call.go:140.36,142.3 1 1
github.com/mzattahri/cli/call.go:143.2,149.12 7 1
github.com/mzattahri/cli/call.go:158.32,160.14 2 1
github.com/mzattahri/cli/call.go:160.14,162.3 1 0
github.com/mzattahri/cli/call.go:163.2,163.23 1 1
github.com/mzattahri/cli/call.go:163.23,164.41 1 1
github.com/mzattahri/cli/call.go:164.41,165.26 1 1
github.com/mzattahri/cli/call.go:165.26,167.5 1 1
github.com/mzattahri/cli/call.go:169.3,169.43 1 1
github.com/mzattahri/cli/call.go:169.43,170.28 1 1
github.com/mzattahri/cli/call.go:170.28,172.5 1 1
github.com/mzattahri/cli/call.go:179.42,180.30 1 1
github.com/mzattahri/cli/call.go:180.30,182.3 1 0
github.com/mzattahri/cli/call.go:183.2,183.14 1 1
github.com/mzattahri/cli/call.go:196.32,197.14 1 1
github.com/mzattahri/cli/call.go:197.14,199.3 1 1
github.com/mzattahri/cli/call.go:200.2,201.21 2 1
github.com/mzattahri/cli/call.go:201.21,203.3 1 1
github.com/mzattahri/cli/call.go:204.2,208.36 4 1
github.com/mzattahri/cli/call.go:208.36,210.3 1 1
github.com/mzattahri/cli/call.go:211.2,213.31 2 1
github.com/mzattahri/cli/call.go:213.31,215.3 1 1
github.com/mzattahri/cli/call.go:216.2,216.22 1 1
github.com/mzattahri/cli/call.go:216.22,218.3 1 1
github.com/mzattahri/cli/call.go:219.2,219.34 1 1
github.com/mzattahri/cli/call.go:222.65,223.21 1 1
github.com/mzattahri/cli/call.go:223.21,225.3 1 1
github.com/mzattahri/cli/call.go:226.2,228.29 3 1
github.com/mzattahri/cli/call.go:228.29,230.3 1 1
github.com/mzattahri/cli/call.go:231.2,231.15 1 1
github.com/mzattahri/cli/call.go:234.68,235.20 1 1
github.com/mzattahri/cli/call.go:235.20,237.3 1 1
github.com/mzattahri/cli/call.go:238.2,240.29 3 1
github.com/mzattahri/cli/call.go:240.29,241.36 1 1
github.com/mzattahri/cli/call.go:241.36,243.4 1 1
github.com/mzattahri/cli/call.go:245.2,245.15 1 1
github.com/mzattahri/cli/call.go:248.66,249.20 1 1
github.com/mzattahri/cli/call.go:249.20,251.3 1 1
github.com/mzattahri/cli/call.go:252.2,253.21 2 1
github.com/mzattahri/cli/call.go:253.21,255.3 1 0
github.com/mzattahri/cli/call.go:256.2,257.29 2 1
github.com/mzattahri/cli/call.go:257.29,259.10 2 1
github.com/mzattahri/cli/call.go:259.10,260.12 1 0
github.com/mzattahri/cli/call.go:262.3,262.61 1 1
github.com/mzattahri/cli/call.go:264.2,264.15 1 1
github.com/mzattahri/cli/call.go:267.38,268.17 1 1
github.com/mzattahri/cli/call.go:268.17,270.3 1 0
github.com/mzattahri/cli/call.go:271.2,271.66 1 1
github.com/mzattahri/cli/call.go:271.66,273.3 1 0
github.com/mzattahri/cli/call.go:274.2,274.14 1 1
github.com/mzattahri/cli/completion.go:18.67,19.16 1 1
github.com/mzattahri/cli/completion.go:19.16,21.3 1 1
github.com/mzattahri/cli/completion.go:22.2,22.38 1 1
github.com/mzattahri/cli/completion.go:40.91,42.2 1 1
github.com/mzattahri/cli/completion.go:53.43,54.14 1 1
github.com/mzattahri/cli/completion.go:54.14,55.30 1 0
github.com/mzattahri/cli/completion.go:57.2,59.44 1 1
github.com/mzattahri/cli/completion.go:59.44,63.21 4 1
github.com/mzattahri/cli/completion.go:63.21,66.5 2 1
github.com/mzattahri/cli/completion.go:67.4,68.45 2 1
github.com/mzattahri/cli/completion.go:81.82,84.32 3 1
github.com/mzattahri/cli/completion.go:84.32,85.18 1 1
github.com/mzattahri/cli/completion.go:85.18,87.4 1 0
github.com/mzattahri/cli/completion.go:88.3,88.15 1 1
github.com/mzattahri/cli/completion.go:88.15,90.12 2 0
github.com/mzattahri/cli/completion.go:92.3,92.34 1 1
github.com/mzattahri/cli/completion.go:92.34,93.43 1 1
github.com/mzattahri/cli/completion.go:93.43,95.5 1 1
github.com/mzattahri/cli/completion.go:96.4,96.12 1 1
github.com/mzattahri/cli/completion.go:98.3,99.10 2 1
github.com/mzattahri/cli/completion.go:99.10,100.9 1 0
github.com/mzattahri/cli/completion.go:102.3,103.23 2 1
github.com/mzattahri/cli/completion.go:103.23,105.4 1 1
github.com/mzattahri/cli/completion.go:106.3,106.57 1 1
github.com/mzattahri/cli/completion.go:106.57,108.4 1 1
github.com/mzattahri/cli/completion.go:112.2,112.24 1 1
github.com/mzattahri/cli/completion.go:112.24,114.43 2 1
github.com/mzattahri/cli/completion.go:114.43,116.4 1 1
github.com/mzattahri/cli/completion.go:120.2,120.57 1 1
github.com/mzattahri/cli/completion.go:120.57,122.3 1 1
github.com/mzattahri/cli/completion.go:124.2,124.37 1 1
github.com/mzattahri/cli/completion.go:124.37,126.3 1 1
github.com/mzattahri/cli/completion.go:127.2,127.40 1 1
github.com/mzattahri/cli/completion.go:146.86,147.87 1 1
github.com/mzattahri/cli/completion.go:147.87,148.25 1 1
github.com/mzattahri/cli/completion.go:148.25,150.4 1 1
github.com/mzattahri/cli/completion.go:151.3,151.13 1 1
github.com/mzattahri/cli/completion.go:153.2,153.83 1 1
github.com/mzattahri/cli/completion.go:153.83,154.25 1 1
github.com/mzattahri/cli/completion.go:154.25,157.4 2 1
github.com/mzattahri/cli/completion.go:158.3,158.13 1 1
github.com/mzattahri/cli/completion.go:161.2,161.24 1 1
github.com/mzattahri/cli/completion.go:161.24,162.69 1 0
github.com/mzattahri/cli/completion.go:162.69,164.4 1 0
github.com/mzattahri/cli/completion.go:167.2,167.38 1 1
github.com/mzattahri/cli/completion.go:167.38,169.3 1 1
github.com/mzattahri/cli/completion.go:171.2,171.74 1 1
github.com/mzattahri/cli/completion.go:174.119,175.40 1 1
github.com/mzattahri/cli/completion.go:175.40,176.70 1 1
github.com/mzattahri/cli/completion.go:176.70,178.4 1 0
github.com/mzattahri/cli/completion.go:179.3,179.20 1 1
github.com/mzattahri/cli/completion.go:179.20,180.71 1 1
github.com/mzattahri/cli/completion.go:180.71,182.5 1 0
github.com/mzattahri/cli/completion.go:184.3,184.18 1 1
github.com/mzattahri/cli/completion.go:184.18,186.40 2 0
github.com/mzattahri/cli/completion.go:186.40,188.5 1 0
github.com/mzattahri/cli/completion.go:188.10,190.5 1 0
github.com/mzattahri/cli/completion.go:191.4,191.72 1 0
github.com/mzattahri/cli/completion.go:191.72,193.5 1 0
github.com/mzattahri/cli/completion.go:196.2,196.42 1 1
github.com/mzattahri/cli/completion.go:196.42,197.70 1 1
github.com/mzattahri/cli/completion.go:197.70,199.4 1 0
github.com/mzattahri/cli/completion.go:200.3,200.20 1 1
github.com/mzattahri/cli/completion.go:200.20,201.71 1 1
github.com/mzattahri/cli/completion.go:201.71,203.5 1 0
github.com/mzattahri/cli/completion.go:206.2,206.70 1 1
github.com/mzattahri/cli/completion.go:206.70,208.3 1 0
github.com/mzattahri/cli/completion.go:209.2,209.50 1 1
github.com/mzattahri/cli/completion.go:212.70,215.29 2 1
github.com/mzattahri/cli/completion.go:215.29,216.80 1 1
github.com/mzattahri/cli/completion.go:216.80,218.4 1 0
github.com/mzattahri/cli/completion.go:220.2,220.12 1 1
github.com/mzattahri/cli/completion.go:223.58,224.26 1 1
github.com/mzattahri/cli/completion.go:224.26,225.68 1 1
github.com/mzattahri/cli/completion.go:225.68,227.4 1 1
github.com/mzattahri/cli/completion.go:229.2,229.14 1 1
github.com/mzattahri/cli/completion.go:234.88,237.2 2 1
github.com/mzattahri/cli/completion.go:244.116,245.39 1 1
github.com/mzattahri/cli/completion.go:245.39,247.3 1 1
github.com/mzattahri/cli/completion.go:248.2,249.16 2 1
github.com/mzattahri/cli/completion.go:249.16,251.3 1 1
github.com/mzattahri/cli/completion.go:252.2,252.22 1 1
github.com/mzattahri/cli/completion.go:252.22,254.3 1 0
github.com/mzattahri/cli/completion.go:255.2,255.25 1 1
github.com/mzattahri/cli/completion.go:255.25,257.3 1 0
github.com/mzattahri/cli/completion.go:258.2,258.19 1 1
github.com/mzattahri/cli/completion.go:263.117,264.41 1 1
github.com/mzattahri/cli/completion.go:264.41,266.3 1 1
github.com/mzattahri/cli/completion.go:268.2,270.32 3 1
github.com/mzattahri/cli/completion.go:270.32,271.15 1 1
github.com/mzattahri/cli/completion.go:271.15,273.12 2 1
github.com/mzattahri/cli/completion.go:275.3,275.18 1 1
github.com/mzattahri/cli/completion.go:275.18,276.9 1 0
github.com/mzattahri/cli/completion.go:278.3,278.34 1 1
github.com/mzattahri/cli/completion.go:278.34,279.41 1 1
github.com/mzattahri/cli/completion.go:279.41,281.5 1 1
github.com/mzattahri/cli/completion.go:282.4,282.12 1 1
github.com/mzattahri/cli/completion.go:284.3,284.8 1 1
github.com/mzattahri/cli/completion.go:286.2,286.27 1 1
github.com/mzattahri/cli/completion.go:286.27,290.3 3 1
github.com/mzattahri/cli/completion.go:291.2,291.12 1 1
github.com/mzattahri/cli/completion.go:294.68,295.39 1 1
github.com/mzattahri/cli/completion.go:295.39,298.3 2 1
github.com/mzattahri/cli/completion.go:299.2,299.12 1 1
github.com/mzattahri/cli/env.go:27.91,28.34 1 1
github.com/mzattahri/cli/env.go:28.34,29.57 1 1
github.com/mzattahri/cli/env.go:29.57,30.36 1 1
github.com/mzattahri/cli/env.go:30.36,31.29 1 1
github.com/mzattahri/cli/env.go:31.29,32.14 1 1
github.com/mzattahri/cli/env.go:34.5,35.25 2 1
github.com/mzattahri/cli/env.go:35.25,36.14 1 1
github.com/mzattahri/cli/env.go:38.5,39.19 2 1
github.com/mzattahri/cli/env.go:39.19,41.6 1 1
github.com/mzattahri/cli/env.go:42.5,42.25 1 1
github.com/mzattahri/cli/env.go:44.4,44.38 1 1
github.com/mzattahri/cli/env.go:44.38,45.31 1 1
github.com/mzattahri/cli/env.go:45.31,46.14 1 1
github.com/mzattahri/cli/env.go:48.5,49.12 2 1
github.com/mzattahri/cli/env.go:49.12,50.14 1 0
github.com/mzattahri/cli/env.go:52.5,52.32 1 1
github.com/mzattahri/cli/env.go:54.4,54.33 1 1
github.com/mzattahri/cli/env.go:62.43,63.47 1 1
github.com/mzattahri/cli/env.go:64.42,65.19 1 1
github.com/mzattahri/cli/env.go:66.43,67.20 1 1
github.com/mzattahri/cli/env.go:69.2,69.51 1 1
github.com/mzattahri/cli/error.go:31.36,32.30 1 0
github.com/mzattahri/cli/error.go:32.30,34.3 1 0
github.com/mzattahri/cli/error.go:35.2,35.22 1 0
github.com/mzattahri/cli/error.go:39.36,40.14 1 1
github.com/mzattahri/cli/error.go:40.14,42.3 1 0
github.com/mzattahri/cli/error.go:43.2,43.14 1 1
github.com/mzattahri/cli/error.go:49.30,50.9 1 1
github.com/mzattahri/cli/error.go:51.18,52.16 1 1
github.com/mzattahri/cli/error.go:53.31,54.18 1 1
github.com/mzattahri/cli/error.go:55.10,57.31 2 1
github.com/mzattahri/cli/error.go:57.31,59.4 1 1
github.com/mzattahri/cli/error.go:60.3,60.21 1 1
github.com/mzattahri/cli/handler.go:22.32,23.14 1 1
github.com/mzattahri/cli/handler.go:23.14,25.3 1 0
github.com/mzattahri/cli/handler.go:26.2,26.46 1 1
github.com/mzattahri/cli/handler.go:26.46,28.3 1 0
github.com/mzattahri/cli/handler.go:29.2,29.46 1 1
github.com/mzattahri/cli/handler.go:29.46,31.3 1 0
github.com/mzattahri/cli/handler.go:32.2,32.12 1 1
github.com/mzattahri/cli/handler.go:48.59,48.82 1 1
github.com/mzattahri/cli/handler.go:90.70,91.29 1 1
github.com/mzattahri/cli/handler.go:91.29,92.60 1 0
github.com/mzattahri/cli/handler.go:94.2,94.46 1 1
github.com/mzattahri/cli/handler.go:94.46,95.67 1 0
github.com/mzattahri/cli/handler.go:97.2,97.40 1 1
github.com/mzattahri/cli/handler.go:105.60,106.27 1 1
github.com/mzattahri/cli/handler.go:106.27,107.60 1 1
github.com/mzattahri/cli/handler.go:109.2,109.44 1 1
github.com/mzattahri/cli/handler.go:109.44,110.67 1 0
github.com/mzattahri/cli/handler.go:112.2,112.42 1 1
github.com/mzattahri/cli/handler.go:117.43,119.2 1 1
github.com/mzattahri/cli/handler.go:122.57,125.2 2 1
github.com/mzattahri/cli/handler.go:127.66,131.24 4 1
github.com/mzattahri/cli/handler.go:131.24,133.3 1 1
github.com/mzattahri/cli/handler.go:134.2,134.24 1 1
github.com/mzattahri/cli/handler.go:134.24,136.3 1 1
github.com/mzattahri/cli/handler.go:137.2,137.24 1 1
github.com/mzattahri/cli/handler.go:137.24,139.3 1 1
github.com/mzattahri/cli/handler.go:140.2,140.19 1 1
github.com/mzattahri/cli/handler.go:151.49,152.31 1 1
github.com/mzattahri/cli/handler.go:152.31,153.37 1 1
github.com/mzattahri/cli/handler.go:153.37,155.4 1 1
github.com/mzattahri/cli/handler.go:156.3,156.11 1 1
github.com/mzattahri/cli/handler.go:160.37,161.30 1 1
github.com/mzattahri/cli/handler.go:161.30,163.3 1 1
github.com/mzattahri/cli/handler.go:164.2,164.12 1 1
github.com/mzattahri/cli/help.go:99.53,100.17 1 1
github.com/mzattahri/cli/help.go:100.17,101.25 1 0
github.com/mzattahri/cli/help.go:103.2,103.60 1 1
github.com/mzattahri/cli/help.go:103.60,105.3 1 1
github.com/mzattahri/cli/help.go:106.2,106.22 1 1
github.com/mzattahri/cli/help.go:106.22,107.83 1 1
github.com/mzattahri/cli/help.go:107.83,109.4 1 0
github.com/mzattahri/cli/help.go:111.2,111.28 1 1
github.com/mzattahri/cli/help.go:111.28,112.71 1 1
github.com/mzattahri/cli/help.go:112.71,114.4 1 0
github.com/mzattahri/cli/help.go:117.2,117.59 1 1
github.com/mzattahri/cli/help.go:117.59,119.3 1 0
github.com/mzattahri/cli/help.go:121.2,122.28 2 1
github.com/mzattahri/cli/help.go:122.28,124.3 1 1
github.com/mzattahri/cli/help.go:125.2,125.50 1 1
github.com/mzattahri/cli/help.go:125.50,127.3 1 1
github.com/mzattahri/cli/help.go:128.2,128.29 1 1
github.com/mzattahri/cli/help.go:128.29,130.3 1 1
github.com/mzattahri/cli/help.go:131.2,131.22 1 1
github.com/mzattahri/cli/help.go:131.22,133.3 1 0
github.com/mzattahri/cli/help.go:134.2,135.51 2 1
github.com/mzattahri/cli/help.go:135.51,137.3 1 0
github.com/mzattahri/cli/help.go:139.2,144.74 5 1
github.com/mzattahri/cli/help.go:144.74,146.3 1 0
github.com/mzattahri/cli/help.go:147.2,147.80 1 1
github.com/mzattahri/cli/help.go:147.80,149.3 1 0
github.com/mzattahri/cli/help.go:150.2,150.66 1 1
github.com/mzattahri/cli/help.go:150.66,152.3 1 0
github.com/mzattahri/cli/help.go:153.2,153.72 1 1
github.com/mzattahri/cli/help.go:153.72,155.3 1 0
github.com/mzattahri/cli/help.go:157.2,157.29 1 1
github.com/mzattahri/cli/help.go:157.29,158.64 1 1
github.com/mzattahri/cli/help.go:158.64,160.4 1 0
github.com/mzattahri/cli/help.go:161.3,162.43 2 1
github.com/mzattahri/cli/help.go:162.43,164.4 1 1
github.com/mzattahri/cli/help.go:165.3,165.50 1 1
github.com/mzattahri/cli/help.go:165.50,167.4 1 0
github.com/mzattahri/cli/help.go:170.2,170.28 1 1
github.com/mzattahri/cli/help.go:170.28,171.63 1 1
github.com/mzattahri/cli/help.go:171.63,173.4 1 0
github.com/mzattahri/cli/help.go:174.3,175.37 2 1
github.com/mzattahri/cli/help.go:175.37,177.4 1 1
github.com/mzattahri/cli/help.go:178.3,178.50 1 1
github.com/mzattahri/cli/help.go:178.50,180.4 1 0
github.com/mzattahri/cli/help.go:181.3,181.52 1 1
github.com/mzattahri/cli/help.go:181.52,183.4 1 0
github.com/mzattahri/cli/help.go:184.3,184.112 1 1
github.com/mzattahri/cli/help.go:184.112,186.4 1 0
github.com/mzattahri/cli/help.go:188.2,188.12 1 1
github.com/mzattahri/cli/help.go:191.60,193.26 2 1
github.com/mzattahri/cli/help.go:193.26,194.25 1 1
github.com/mzattahri/cli/help.go:194.25,196.4 1 1
github.com/mzattahri/cli/help.go:198.2,198.12 1 1
github.com/mzattahri/cli/help.go:201.68,203.28 2 1
github.com/mzattahri/cli/help.go:203.28,204.25 1 1
github.com/mzattahri/cli/help.go:204.25,206.4 1 1
github.com/mzattahri/cli/help.go:208.2,208.12 1 1
github.com/mzattahri/cli/help.go:211.77,212.23 1 1
github.com/mzattahri/cli/help.go:212.23,214.3 1 1
github.com/mzattahri/cli/help.go:215.2,215.60 1 1
github.com/mzattahri/cli/help.go:215.60,217.3 1 0
github.com/mzattahri/cli/help.go:218.2,219.28 2 1
github.com/mzattahri/cli/help.go:219.28,223.3 3 1
github.com/mzattahri/cli/help.go:224.2,224.33 1 1
github.com/mzattahri/cli/help.go:227.81,228.23 1 1
github.com/mzattahri/cli/help.go:228.23,230.3 1 1
github.com/mzattahri/cli/help.go:231.2,231.60 1 1
github.com/mzattahri/cli/help.go:231.60,233.3 1 0
github.com/mzattahri/cli/help.go:234.2,235.28 2 1
github.com/mzattahri/cli/help.go:235.28,237.22 2 1
github.com/mzattahri/cli/help.go:237.22,239.4 1 0
github.com/mzattahri/cli/help.go:240.3,240.92 1 1
github.com/mzattahri/cli/help.go:242.2,242.33 1 1
github.com/mzattahri/cli/help.go:250.57,252.27 2 1
github.com/mzattahri/cli/help.go:252.27,254.22 2 1
github.com/mzattahri/cli/help.go:254.22,256.4 1 0
github.com/mzattahri/cli/help.go:257.3,257.78 1 1
github.com/mzattahri/cli/help.go:257.78,259.4 1 0
github.com/mzattahri/cli/help.go:260.3,260.34 1 1
github.com/mzattahri/cli/help.go:260.34,261.63 1 1
github.com/mzattahri/cli/help.go:261.63,263.5 1 0
github.com/mzattahri/cli/help.go:266.2,266.19 1 1
github.com/mzattahri/cli/help.go:269.65,271.17 2 1
github.com/mzattahri/cli/help.go:271.17,275.3 3 1
github.com/mzattahri/cli/help.go:276.2,278.15 3 1
github.com/mzattahri/cli/help.go:278.15,280.37 2 1
github.com/mzattahri/cli/help.go:280.37,282.4 1 1
github.com/mzattahri/cli/help.go:282.9,285.4 2 1
github.com/mzattahri/cli/help.go:287.2,287.19 1 1
github.com/mzattahri/cli/mux.go:52.47,53.23 1 1
github.com/mzattahri/cli/mux.go:53.23,55.3 1 1
github.com/mzattahri/cli/mux.go:56.2,57.9 2 1
github.com/mzattahri/cli/mux.go:57.9,60.3 2 1
github.com/mzattahri/cli/mux.go:61.2,61.14 1 1
github.com/mzattahri/cli/mux.go:64.54,67.29 3 1
github.com/mzattahri/cli/mux.go:67.29,70.19 3 1
github.com/mzattahri/cli/mux.go:70.19,72.4 1 0
github.com/mzattahri/cli/mux.go:73.3,79.5 1 1
github.com/mzattahri/cli/mux.go:81.2,81.17 1 1
github.com/mzattahri/cli/mux.go:84.59,87.33 3 1
github.com/mzattahri/cli/mux.go:87.33,93.3 1 1
github.com/mzattahri/cli/mux.go:94.2,94.13 1 1
github.com/mzattahri/cli/mux.go:97.30,98.14 1 1
github.com/mzattahri/cli/mux.go:98.14,100.3 1 0
github.com/mzattahri/cli/mux.go:101.2,102.45 2 1
github.com/mzattahri/cli/mux.go:102.45,103.24 1 1
github.com/mzattahri/cli/mux.go:103.24,105.4 1 1
github.com/mzattahri/cli/mux.go:107.2,108.36 2 1
github.com/mzattahri/cli/mux.go:111.37,111.59 1 1
github.com/mzattahri/cli/mux.go:112.37,112.65 1 1
github.com/mzattahri/cli/mux.go:114.36,115.19 1 1
github.com/mzattahri/cli/mux.go:115.19,116.35 1 0
github.com/mzattahri/cli/mux.go:118.2,118.56 1 1
github.com/mzattahri/cli/mux.go:118.56,119.36 1 0
github.com/mzattahri/cli/mux.go:123.83,129.2 5 1
github.com/mzattahri/cli/mux.go:131.39,131.58 1 1
github.com/mzattahri/cli/mux.go:132.39,132.65 1 1
github.com/mzattahri/cli/mux.go:136.31,137.16 1 1
github.com/mzattahri/cli/mux.go:137.16,138.31 1 0
github.com/mzattahri/cli/mux.go:140.2,140.25 1 1
github.com/mzattahri/cli/mux.go:149.66,150.29 1 1
github.com/mzattahri/cli/mux.go:150.29,151.56 1 0
github.com/mzattahri/cli/mux.go:153.2,153.46 1 1
github.com/mzattahri/cli/mux.go:153.46,154.63 1 0
github.com/mzattahri/cli/mux.go:156.2,156.40 1 1
github.com/mzattahri/cli/mux.go:165.56,166.27 1 1
github.com/mzattahri/cli/mux.go:166.27,167.56 1 1
github.com/mzattahri/cli/mux.go:169.2,169.44 1 1
github.com/mzattahri/cli/mux.go:169.44,170.63 1 0
github.com/mzattahri/cli/mux.go:172.2,172.42 1 1
github.com/mzattahri/cli/mux.go:175.54,178.24 3 1
github.com/mzattahri/cli/mux.go:178.24,180.3 1 1
github.com/mzattahri/cli/mux.go:181.2,181.24 1 1
github.com/mzattahri/cli/mux.go:181.24,183.3 1 1
github.com/mzattahri/cli/mux.go:184.2,184.15 1 1
github.com/mzattahri/cli/mux.go:194.67,195.34 1 1
github.com/mzattahri/cli/mux.go:195.34,198.3 2 1
github.com/mzattahri/cli/mux.go:199.2,201.16 3 1
github.com/mzattahri/cli/mux.go:201.16,203.3 1 1
github.com/mzattahri/cli/mux.go:204.2,206.46 3 1
github.com/mzattahri/cli/mux.go:206.46,208.3 1 1
github.com/mzattahri/cli/mux.go:209.2,209.19 1 1
github.com/mzattahri/cli/mux.go:209.19,210.59 1 0
github.com/mzattahri/cli/mux.go:212.2,215.33 4 1
github.com/mzattahri/cli/mux.go:220.87,222.2 1 1
github.com/mzattahri/cli/mux.go:224.60,225.16 1 1
github.com/mzattahri/cli/mux.go:225.16,226.30 1 0
github.com/mzattahri/cli/mux.go:228.2,229.45 2 1
github.com/mzattahri/cli/mux.go:229.45,231.3 1 1
github.com/mzattahri/cli/mux.go:232.2,232.19 1 1
github.com/mzattahri/cli/mux.go:232.19,233.56 1 0
github.com/mzattahri/cli/mux.go:235.2,235.35 1 1
github.com/mzattahri/cli/mux.go:240.53,241.17 1 1
github.com/mzattahri/cli/mux.go:241.17,242.25 1 0
github.com/mzattahri/cli/mux.go:244.2,244.71 1 1
github.com/mzattahri/cli/mux.go:247.157,248.22 1 1
github.com/mzattahri/cli/mux.go:248.22,250.3 1 1
github.com/mzattahri/cli/mux.go:251.2,256.16 5 1
github.com/mzattahri/cli/mux.go:256.16,257.34 1 1
github.com/mzattahri/cli/mux.go:257.34,270.4 2 1
github.com/mzattahri/cli/mux.go:271.3,271.45 1 0
github.com/mzattahri/cli/mux.go:274.2,288.60 3 1
github.com/mzattahri/cli/mux.go:293.123,295.23 2 1
github.com/mzattahri/cli/mux.go:295.23,297.3 1 1
github.com/mzattahri/cli/mux.go:298.2,299.25 2 1
github.com/mzattahri/cli/mux.go:299.25,301.3 1 1
github.com/mzattahri/cli/mux.go:302.2,302.23 1 1
github.com/mzattahri/cli/mux.go:307.88,309.18 2 1
github.com/mzattahri/cli/mux.go:309.18,311.3 1 1
github.com/mzattahri/cli/mux.go:312.2,314.20 3 1
github.com/mzattahri/cli/mux.go:314.20,316.3 1 1
github.com/mzattahri/cli/mux.go:317.2,317.41 1 1
github.com/mzattahri/cli/mux.go:317.41,319.3 1 1
github.com/mzattahri/cli/mux.go:321.2,332.3 3 1
github.com/mzattahri/cli/mux.go:348.59,349.17 1 1
github.com/mzattahri/cli/mux.go:349.17,350.46 1 1
github.com/mzattahri/cli/mux.go:350.46,356.4 5 1
github.com/mzattahri/cli/mux.go:359.2,359.20 1 1
github.com/mzattahri/cli/mux.go:359.20,360.41 1 1
github.com/mzattahri/cli/mux.go:360.41,362.4 1 1
github.com/mzattahri/cli/mux.go:363.3,363.41 1 1
github.com/mzattahri/cli/mux.go:366.2,368.29 2 1
github.com/mzattahri/cli/mux.go:368.29,385.3 4 1
github.com/mzattahri/cli/mux.go:387.2,391.77 5 1
github.com/mzattahri/cli/mux.go:394.153,396.16 2 1
github.com/mzattahri/cli/mux.go:396.16,397.34 1 1
github.com/mzattahri/cli/mux.go:397.34,399.4 1 1
github.com/mzattahri/cli/mux.go:400.3,400.43 1 1
github.com/mzattahri/cli/mux.go:403.2,405.15 3 1
github.com/mzattahri/cli/mux.go:405.15,407.17 2 1
github.com/mzattahri/cli/mux.go:407.17,409.4 1 0
github.com/mzattahri/cli/mux.go:410.8,410.24 1 1
github.com/mzattahri/cli/mux.go:410.24,412.3 1 1
github.com/mzattahri/cli/mux.go:412.8,412.33 1 1
github.com/mzattahri/cli/mux.go:412.33,414.3 1 0
github.com/mzattahri/cli/mux.go:416.2,421.33 6 1
github.com/mzattahri/cli/mux.go:433.49,436.18 3 1
github.com/mzattahri/cli/mux.go:436.18,438.3 1 1
github.com/mzattahri/cli/mux.go:439.2,441.64 3 1
github.com/mzattahri/cli/mux.go:441.64,443.3 1 1
github.com/mzattahri/cli/mux.go:445.2,446.16 2 1
github.com/mzattahri/cli/mux.go:446.16,448.3 1 1
github.com/mzattahri/cli/mux.go:449.2,460.19 4 1
github.com/mzattahri/cli/mux.go:460.19,462.3 1 1
github.com/mzattahri/cli/mux.go:463.2,463.22 1 1
github.com/mzattahri/cli/mux.go:463.22,465.3 1 1
github.com/mzattahri/cli/mux.go:466.2,466.56 1 1
github.com/mzattahri/cli/mux.go:466.56,468.3 1 0
github.com/mzattahri/cli/mux.go:469.2,469.16 1 1
github.com/mzattahri/cli/mux.go:469.16,471.3 1 1
github.com/mzattahri/cli/mux.go:472.2,472.16 1 1
github.com/mzattahri/cli/mux.go:475.52,476.18 1 1
github.com/mzattahri/cli/mux.go:476.18,478.3 1 0
github.com/mzattahri/cli/mux.go:479.2,479.16 1 1
github.com/mzattahri/cli/mux.go:479.16,481.3 1 0
github.com/mzattahri/cli/mux.go:482.2,482.47 1 1
github.com/mzattahri/cli/mux.go:485.42,486.16 1 1
github.com/mzattahri/cli/mux.go:486.16,488.3 1 0
github.com/mzattahri/cli/mux.go:489.2,490.28 2 1
github.com/mzattahri/cli/mux.go:493.72,494.16 1 1
github.com/mzattahri/cli/mux.go:494.16,496.3 1 1
github.com/mzattahri/cli/mux.go:497.2,497.22 1 1
github.com/mzattahri/cli/mux.go:500.44,502.2 1 1
github.com/mzattahri/cli/mux.go:504.44,506.2 1 1
github.com/mzattahri/cli/mux.go:508.46,509.17 1 1
github.com/mzattahri/cli/mux.go:509.17,511.3 1 1
github.com/mzattahri/cli/mux.go:512.2,512.24 1 1
github.com/mzattahri/cli/parse.go:19.112,22.2 2 1
github.com/mzattahri/cli/parse.go:29.35,31.2 1 1
github.com/mzattahri/cli/parse.go:33.37,34.14 1 1
github.com/mzattahri/cli/parse.go:34.14,36.3 1 0
github.com/mzattahri/cli/parse.go:37.2,37.24 1 1
github.com/mzattahri/cli/parse.go:40.37,42.15 2 1
github.com/mzattahri/cli/parse.go:42.15,44.3 1 1
github.com/mzattahri/cli/parse.go:45.2,45.14 1 1
github.com/mzattahri/cli/parse.go:48.39,49.14 1 1
github.com/mzattahri/cli/parse.go:49.14,51.3 1 1
github.com/mzattahri/cli/parse.go:52.2,52.39 1 1
github.com/mzattahri/cli/parse.go:55.121,63.18 4 1
github.com/mzattahri/cli/parse.go:63.18,64.36 1 1
github.com/mzattahri/cli/parse.go:64.36,66.24 2 1
github.com/mzattahri/cli/parse.go:66.24,68.5 1 1
github.com/mzattahri/cli/parse.go:72.2,74.20 3 1
github.com/mzattahri/cli/parse.go:74.20,75.38 1 1
github.com/mzattahri/cli/parse.go:75.38,77.24 2 1
github.com/mzattahri/cli/parse.go:77.24,79.5 1 1
github.com/mzattahri/cli/parse.go:83.2,83.18 1 1
github.com/mzattahri/cli/parse.go:83.18,85.18 2 1
github.com/mzattahri/cli/parse.go:85.18,89.4 3 1
github.com/mzattahri/cli/parse.go:90.3,90.37 1 1
github.com/mzattahri/cli/parse.go:90.37,92.4 1 1
github.com/mzattahri/cli/parse.go:93.3,93.49 1 1
github.com/mzattahri/cli/parse.go:93.49,96.4 2 1
github.com/mzattahri/cli/parse.go:97.3,97.36 1 1
github.com/mzattahri/cli/parse.go:97.36,100.37 3 1
github.com/mzattahri/cli/parse.go:100.37,102.21 2 1
github.com/mzattahri/cli/parse.go:102.21,104.6 1 0
github.com/mzattahri/cli/parse.go:105.5,105.43 1 1
github.com/mzattahri/cli/parse.go:105.43,107.14 2 1
github.com/mzattahri/cli/parse.go:109.5,109.45 1 1
github.com/mzattahri/cli/parse.go:109.45,110.28 1 1
github.com/mzattahri/cli/parse.go:110.28,112.7 1 0
github.com/mzattahri/cli/parse.go:113.6,113.20 1 1
github.com/mzattahri/cli/parse.go:113.20,115.7 1 0
github.com/mzattahri/cli/parse.go:116.6,117.14 2 1
github.com/mzattahri/cli/parse.go:119.5,119.57 1 1
github.com/mzattahri/cli/parse.go:121.4,121.12 1 1
github.com/mzattahri/cli/parse.go:124.3,127.39 3 1
github.com/mzattahri/cli/parse.go:127.39,129.16 2 1
github.com/mzattahri/cli/parse.go:129.16,131.19 2 1
github.com/mzattahri/cli/parse.go:131.19,133.6 1 1
github.com/mzattahri/cli/parse.go:134.5,134.22 1 1
github.com/mzattahri/cli/parse.go:136.4,137.12 2 1
github.com/mzattahri/cli/parse.go:140.3,140.18 1 1
github.com/mzattahri/cli/parse.go:140.18,141.59 1 1
github.com/mzattahri/cli/parse.go:141.59,142.17 1 1
github.com/mzattahri/cli/parse.go:142.17,144.6 1 0
github.com/mzattahri/cli/parse.go:145.5,146.13 2 1
github.com/mzattahri/cli/parse.go:150.3,150.41 1 1
github.com/mzattahri/cli/parse.go:150.41,151.17 1 1
github.com/mzattahri/cli/parse.go:151.17,152.19 1 1
github.com/mzattahri/cli/parse.go:152.19,154.6 1 0
github.com/mzattahri/cli/parse.go:155.5,155.26 1 1
github.com/mzattahri/cli/parse.go:157.4,158.12 2 1
github.com/mzattahri/cli/parse.go:161.3,161.55 1 1
github.com/mzattahri/cli/parse.go:164.2,164.20 1 1
github.com/mzattahri/cli/parse.go:173.81,174.36 1 1
github.com/mzattahri/cli/parse.go:174.36,176.41 2 1
github.com/mzattahri/cli/parse.go:176.41,178.4 1 1
github.com/mzattahri/cli/parse.go:179.8,181.41 2 1
github.com/mzattahri/cli/parse.go:181.41,183.4 1 1
github.com/mzattahri/cli/parse.go:185.2,185.18 1 1
github.com/mzattahri/cli/parse.go:188.71,190.48 2 1
github.com/mzattahri/cli/parse.go:190.48,194.3 3 1
github.com/mzattahri/cli/parse.go:195.2,195.30 1 1
github.com/mzattahri/cli/parse.go:198.45,199.21 1 1
github.com/mzattahri/cli/parse.go:199.21,200.49 1 0
github.com/mzattahri/cli/parse.go:202.2,202.34 1 1
github.com/mzattahri/cli/parse.go:202.34,203.56 1 0
github.com/mzattahri/cli/parse.go:205.2,205.18 1 1
github.com/mzattahri/cli/parse.go:205.18,206.62 1 1
github.com/mzattahri/cli/parse.go:208.2,208.14 1 1
github.com/mzattahri/cli/program.go:19.31,22.2 2 1
github.com/mzattahri/cli/program.go:56.36,57.14 1 1
github.com/mzattahri/cli/program.go:57.14,59.3 1 0
github.com/mzattahri/cli/program.go:60.2,61.19 2 1
github.com/mzattahri/cli/program.go:61.19,63.3 1 1
github.com/mzattahri/cli/program.go:64.2,65.19 2 1
github.com/mzattahri/cli/program.go:65.19,67.3 1 1
github.com/mzattahri/cli/program.go:68.2,68.48 1 1
github.com/mzattahri/cli/program.go:74.88,75.16 1 1
github.com/mzattahri/cli/program.go:75.16,76.28 1 0
github.com/mzattahri/cli/program.go:78.2,78.14 1 1
github.com/mzattahri/cli/program.go:78.14,79.28 1 0
github.com/mzattahri/cli/program.go:81.2,81.19 1 1
github.com/mzattahri/cli/program.go:81.19,82.27 1 0
github.com/mzattahri/cli/program.go:84.2,85.18 2 1
github.com/mzattahri/cli/program.go:85.18,87.3 1 1
github.com/mzattahri/cli/program.go:88.2,89.22 2 1
github.com/mzattahri/cli/program.go:89.22,91.3 1 1
github.com/mzattahri/cli/program.go:92.2,93.19 2 1
github.com/mzattahri/cli/program.go:93.19,94.24 1 1
github.com/mzattahri/cli/program.go:94.24,96.4 1 1
github.com/mzattahri/cli/program.go:97.3,97.18 1 1
github.com/mzattahri/cli/program.go:98.8,98.30 1 0
github.com/mzattahri/cli/program.go:98.30,99.53 1 0
github.com/mzattahri/cli/program.go:99.53,101.4 1 0
github.com/mzattahri/cli/program.go:101.9,103.4 1 0
github.com/mzattahri/cli/program.go:105.2,115.52 4 1
github.com/mzattahri/cli/program.go:115.52,117.3 1 0
github.com/mzattahri/cli/program.go:119.2,119.16 1 1
github.com/mzattahri/cli/program.go:119.16,121.3 1 1
github.com/mzattahri/cli/program.go:122.2,123.30 2 1
github.com/mzattahri/cli/program.go:123.30,125.3 1 0
github.com/mzattahri/cli/program.go:126.2,126.50 1 1
github.com/mzattahri/cli/program.go:129.111,130.34 1 1
github.com/mzattahri/cli/program.go:130.34,132.17 2 1
github.com/mzattahri/cli/program.go:132.17,134.4 1 0
github.com/mzattahri/cli/program.go:135.3,135.101 1 1
github.com/mzattahri/cli/program.go:139.2,141.16 3 0
github.com/mzattahri/cli/program.go:141.16,142.34 1 0
github.com/mzattahri/cli/program.go:142.34,149.4 1 0
github.com/mzattahri/cli/program.go:150.3,150.13 1 0
github.com/mzattahri/cli/program.go:153.2,158.36 2 0
github.com/mzattahri/cli/sets.go:13.112,14.16 1 1
github.com/mzattahri/cli/sets.go:14.16,15.40 1 0
github.com/mzattahri/cli/sets.go:17.2,17.33 1 1
github.com/mzattahri/cli/sets.go:17.33,18.42 1 0
github.com/mzattahri/cli/sets.go:20.2,20.20 1 1
github.com/mzattahri/cli/sets.go:20.20,21.50 1 1
github.com/mzattahri/cli/sets.go:23.2,23.17 1 1
github.com/mzattahri/cli/sets.go:23.17,25.3 1 1
github.com/mzattahri/cli/sets.go:26.2,26.19 1 1
github.com/mzattahri/cli/sets.go:26.19,27.59 1 0
github.com/mzattahri/cli/sets.go:29.2,29.36 1 1
github.com/mzattahri/cli/sets.go:29.36,30.66 1 0
github.com/mzattahri/cli/sets.go:32.2,32.14 1 1
github.com/mzattahri/cli/sets.go:39.71,42.2 2 1
github.com/mzattahri/cli/sets.go:44.38,45.14 1 1
github.com/mzattahri/cli/sets.go:45.14,47.3 1 0
github.com/mzattahri/cli/sets.go:48.2,49.31 2 1
github.com/mzattahri/cli/sets.go:49.31,51.3 1 1
github.com/mzattahri/cli/sets.go:52.2,52.14 1 1
github.com/mzattahri/cli/sets.go:55.47,56.14 1 1
github.com/mzattahri/cli/sets.go:56.14,58.3 1 0
github.com/mzattahri/cli/sets.go:59.2,59.31 1 1
github.com/mzattahri/cli/sets.go:59.31,60.24 1 1
github.com/mzattahri/cli/sets.go:60.24,62.4 1 1
github.com/mzattahri/cli/sets.go:64.2,64.14 1 1
github.com/mzattahri/cli/sets.go:67.49,68.29 1 1
github.com/mzattahri/cli/sets.go:68.29,70.3 1 0
github.com/mzattahri/cli/sets.go:71.2,71.31 1 1
github.com/mzattahri/cli/sets.go:71.31,72.26 1 1
github.com/mzattahri/cli/sets.go:72.26,74.4 1 0
github.com/mzattahri/cli/sets.go:76.2,76.14 1 1
github.com/mzattahri/cli/sets.go:79.46,81.2 1 1
github.com/mzattahri/cli/sets.go:83.69,84.14 1 1
github.com/mzattahri/cli/sets.go:84.14,86.3 1 1
github.com/mzattahri/cli/sets.go:87.2,88.31 2 1
github.com/mzattahri/cli/sets.go:88.31,96.3 1 1
github.com/mzattahri/cli/sets.go:97.2,97.12 1 1
github.com/mzattahri/cli/sets.go:100.50,101.14 1 1
github.com/mzattahri/cli/sets.go:101.14,103.3 1 1
github.com/mzattahri/cli/sets.go:104.2,105.31 2 1
github.com/mzattahri/cli/sets.go:105.31,107.3 1 1
github.com/mzattahri/cli/sets.go:108.2,108.12 1 1
github.com/mzattahri/cli/sets.go:115.61,118.2 2 1
github.com/mzattahri/cli/sets.go:120.40,121.14 1 1
github.com/mzattahri/cli/sets.go:121.14,123.3 1 0
github.com/mzattahri/cli/sets.go:124.2,125.31 2 1
github.com/mzattahri/cli/sets.go:125.31,127.3 1 1
github.com/mzattahri/cli/sets.go:128.2,128.14 1 1
github.com/mzattahri/cli/sets.go:131.49,132.14 1 1
github.com/mzattahri/cli/sets.go:132.14,134.3 1 0
github.com/mzattahri/cli/sets.go:135.2,135.31 1 1
github.com/mzattahri/cli/sets.go:135.31,136.24 1 1
github.com/mzattahri/cli/sets.go:136.24,138.4 1 1
github.com/mzattahri/cli/sets.go:140.2,140.14 1 1
github.com/mzattahri/cli/sets.go:143.51,144.29 1 1
github.com/mzattahri/cli/sets.go:144.29,146.3 1 0
github.com/mzattahri/cli/sets.go:147.2,147.31 1 1
github.com/mzattahri/cli/sets.go:147.31,148.26 1 1
github.com/mzattahri/cli/sets.go:148.26,150.4 1 0
github.com/mzattahri/cli/sets.go:152.2,152.14 1 1
github.com/mzattahri/cli/sets.go:155.50,156.14 1 1
github.com/mzattahri/cli/sets.go:156.14,158.3 1 1
github.com/mzattahri/cli/sets.go:159.2,160.31 2 1
github.com/mzattahri/cli/sets.go:160.31,167.3 1 1
github.com/mzattahri/cli/sets.go:168.2,168.12 1 1
github.com/mzattahri/cli/sets.go:171.54,172.14 1 1
github.com/mzattahri/cli/sets.go:172.14,174.3 1 1
github.com/mzattahri/cli/sets.go:175.2,176.31 2 1
github.com/mzattahri/cli/sets.go:176.31,178.3 1 1
github.com/mzattahri/cli/sets.go:179.2,179.12 1 1
github.com/mzattahri/cli/sets.go:186.44,187.16 1 1
github.com/mzattahri/cli/sets.go:187.16,188.36 1 0
github.com/mzattahri/cli/sets.go:190.2,190.35 1 1
github.com/mzattahri/cli/sets.go:190.35,191.28 1 1
github.com/mzattahri/cli/sets.go:191.28,192.56 1 1
github.com/mzattahri/cli/sets.go:195.2,195.62 1 1
github.com/mzattahri/cli/sets.go:198.85,201.31 3 1
github.com/mzattahri/cli/sets.go:201.31,202.21 1 1
github.com/mzattahri/cli/sets.go:202.21,204.4 1 1
github.com/mzattahri/cli/sets.go:205.3,206.6 2 1
github.com/mzattahri/cli/sets.go:208.2,208.17 1 1
github.com/mzattahri/cli/sets.go:208.17,210.3 1 1
github.com/mzattahri/cli/sets.go:211.2,211.19 1 1
github.com/mzattahri/cli/sets.go:211.19,213.3 1 1
github.com/mzattahri/cli/sets.go:214.2,214.25 1 1
github.com/mzattahri/cli/sets.go:217.46,218.14 1 1
github.com/mzattahri/cli/sets.go:218.14,220.3 1 0
github.com/mzattahri/cli/sets.go:221.2,222.31 2 1
github.com/mzattahri/cli/sets.go:222.31,224.3 1 1
github.com/mzattahri/cli/sets.go:225.2,225.12 1 1
github.com/mzattahri/cli/sets.go:228.37,229.14 1 1
github.com/mzattahri/cli/sets.go:229.14,231.3 1 1
github.com/mzattahri/cli/sets.go:232.2,233.31 2 1
github.com/mzattahri/cli/sets.go:233.31,235.3 1 1
github.com/mzattahri/cli/sets.go:236.2,236.14 1 1
github.com/mzattahri/cli/sets.go:243.34,245.22 2 1
github.com/mzattahri/cli/sets.go:245.22,246.8 1 1
github.com/mzattahri/cli/sets.go:246.8,248.4 1 1
github.com/mzattahri/cli/sets.go:250.2,251.33 2 1
github.com/mzattahri/cli/sets.go:255.40,256.14 1 1
github.com/mzattahri/cli/sets.go:256.14,258.3 1 0
github.com/mzattahri/cli/sets.go:259.2,260.11 2 1
github.com/mzattahri/cli/sets.go:264.40,265.14 1 1
github.com/mzattahri/cli/sets.go:265.14,267.3 1 0
github.com/mzattahri/cli/sets.go:268.2,268.16 1 1
github.com/mzattahri/cli/sets.go:272.47,272.66 1 1
github.com/mzattahri/cli/sets.go:283.36,285.25 2 1
github.com/mzattahri/cli/sets.go:285.25,286.26 1 1
github.com/mzattahri/cli/sets.go:286.26,288.4 1 1
github.com/mzattahri/cli/sets.go:290.2,291.33 2 1
github.com/mzattahri/cli/sets.go:295.42,296.14 1 1
github.com/mzattahri/cli/sets.go:296.14,298.3 1 0
github.com/mzattahri/cli/sets.go:299.2,300.11 2 1
github.com/mzattahri/cli/sets.go:306.44,307.14 1 1
github.com/mzattahri/cli/sets.go:307.14,309.3 1 0
github.com/mzattahri/cli/sets.go:310.2,311.17 2 1
github.com/mzattahri/cli/sets.go:311.17,313.3 1 1
github.com/mzattahri/cli/sets.go:314.2,314.20 1 1
github.com/mzattahri/cli/sets.go:319.49,320.14 1 1
github.com/mzattahri/cli/sets.go:320.14,322.3 1 0
github.com/mzattahri/cli/sets.go:323.2,323.30 1 1
github.com/mzattahri/cli/sets.go:327.51,329.2 1 1
github.com/mzattahri/cli/sets.go:332.51,334.2 1 1
github.com/mzattahri/cli/sets.go:338.38,339.14 1 1
github.com/mzattahri/cli/sets.go:339.14,341.3 1 1
github.com/mzattahri/cli/sets.go:342.2,343.25 2 1
github.com/mzattahri/cli/sets.go:343.25,345.3 1 1
github.com/mzattahri/cli/sets.go:346.2,346.12 1 1
github.com/mzattahri/cli/sets.go:353.33,355.22 2 1
github.com/mzattahri/cli/sets.go:355.22,357.3 1 1
github.com/mzattahri/cli/sets.go:358.2,359.33 2 1
github.com/mzattahri/cli/sets.go:363.39,364.14 1 1
github.com/mzattahri/cli/sets.go:364.14,366.3 1 0
github.com/mzattahri/cli/sets.go:367.2,368.11 2 1
github.com/mzattahri/cli/sets.go:372.41,373.14 1 1
github.com/mzattahri/cli/sets.go:373.14,375.3 1 0
github.com/mzattahri/cli/sets.go:376.2,376.16 1 1
github.com/mzattahri/cli/sets.go:380.48,380.67 1 0
